# JRE version: OpenJDK Runtime Environment Temurin-19.0.2+7 (19.0.2+7) (build 19.0.2+7)
# Java VM: OpenJDK 64-Bit Server VM Temurin-19.0.2+7 (19.0.2+7, mixed mode, tiered, compressed oops, compressed class ptrs, g1 gc, windows-amd64)
GC Precious Log:
 CardTable entry size: 512
 Card Set container configuration: InlinePtr #cards 5 size 8 Array Of Cards #cards 12 size 40 Howl #buckets 4 coarsen threshold 1843 Howl Bitmap #cards 512 size 80 coarsen threshold 460 Card regions per heap region 1 cards per card region 2048
 CPUs: 8 total, 8 available
 Memory: 8029M
 Large Page Support: Disabled
 NUMA Support: Disabled
 Compressed Oops: Enabled (32-bit)
 Heap Region Size: 1M
 Heap Min Capacity: 8M
 Heap Initial Capacity: 126M
 Heap Max Capacity: 1G
 Pre-touch: Disabled
 Parallel Workers: 8
 Concurrent Workers: 2
 Concurrent Refinement Workers: 8
 Periodic GC: Disabled
 String Deduplication is enabled
Heap:
 garbage-first heap   total 64512K, used 45716K [0x00000000c0000000, 0x0000000100000000)
  region size 1024K, 28 young (28672K), 3 survivors (3072K)
 Metaspace       used 29765K, committed 30464K, reserved 1114112K
  class space    used 3037K, committed 3392K, reserved 1048576K
GC Heap History (20 events):
Event: 9.459 GC heap before
{Heap before GC invocations=4 (full 0):
 garbage-first heap   total 45056K, used 16612K [0x00000000c0000000, 0x0000000100000000)
  region size 1024K, 5 young (5120K), 4 survivors (4096K)
 Metaspace       used 25375K, committed 25984K, reserved 1114112K
  class space    used 2529K, committed 2816K, reserved 1048576K
}
Event: 9.463 GC heap after
{Heap after GC invocations=5 (full 0):
 garbage-first heap   total 45056K, used 15750K [0x00000000c0000000, 0x0000000100000000)
  region size 1024K, 1 young (1024K), 1 survivors (1024K)
 Metaspace       used 25375K, committed 25984K, reserved 1114112K
  class space    used 2529K, committed 2816K, reserved 1048576K
}
Event: 9.941 GC heap before
{Heap before GC invocations=5 (full 0):
 garbage-first heap   total 45056K, used 29062K [0x00000000c0000000, 0x0000000100000000)
  region size 1024K, 14 young (14336K), 1 survivors (1024K)
 Metaspace       used 28404K, committed 29056K, reserved 1114112K
  class space    used 2894K, committed 3200K, reserved 1048576K
}
Event: 9.945 GC heap after
{Heap after GC invocations=6 (full 0):
 garbage-first heap   total 45056K, used 16321K [0x00000000c0000000, 0x0000000100000000)
  region size 1024K, 2 young (2048K), 2 survivors (2048K)
 Metaspace       used 28404K, committed 29056K, reserved 1114112K
  class space    used 2894K, committed 3200K, reserved 1048576K
}
Event: 10.379 GC heap before
{Heap before GC invocations=6 (full 0):
 garbage-first heap   total 45056K, used 30657K [0x00000000c0000000, 0x0000000100000000)
  region size 1024K, 16 young (16384K), 2 survivors (2048K)
 Metaspace       used 29320K, committed 29952K, reserved 1114112K
  class space    used 3003K, committed 3264K, reserved 1048576K
}
Event: 10.385 GC heap after
{Heap after GC invocations=7 (full 0):
 garbage-first heap   total 45056K, used 17062K [0x00000000c0000000, 0x0000000100000000)
  region size 1024K, 2 young (2048K), 2 survivors (2048K)
 Metaspace       used 29320K, committed 29952K, reserved 1114112K
  class space    used 3003K, committed 3264K, reserved 1048576K
}
Event: 10.446 GC heap before
{Heap before GC invocations=7 (full 0):
 garbage-first heap   total 45056K, used 32422K [0x00000000c0000000, 0x0000000100000000)
  region size 1024K, 17 young (17408K), 2 survivors (2048K)
 Metaspace       used 29326K, committed 29952K, reserved 1114112K
  class space    used 3003K, committed 3264K, reserved 1048576K
}
Event: 10.449 GC heap after
{Heap after GC invocations=8 (full 0):
 garbage-first heap   total 45056K, used 17106K [0x00000000c0000000, 0x0000000100000000)
  region size 1024K, 1 young (1024K), 1 survivors (1024K)
 Metaspace       used 29326K, committed 29952K, reserved 1114112K
  class space    used 3003K, committed 3264K, reserved 1048576K
}
Event: 11.416 GC heap before
{Heap before GC invocations=8 (full 0):
 garbage-first heap   total 45056K, used 33490K [0x00000000c0000000, 0x0000000100000000)
  region size 1024K, 17 young (17408K), 1 survivors (1024K)
 Metaspace       used 29690K, committed 30400K, reserved 1114112K
  class space    used 3030K, committed 3392K, reserved 1048576K
}
Event: 11.420 GC heap after
{Heap after GC invocations=9 (full 0):
 garbage-first heap   total 45056K, used 18078K [0x00000000c0000000, 0x0000000100000000)
  region size 1024K, 2 young (2048K), 2 survivors (2048K)
 Metaspace       used 29690K, committed 30400K, reserved 1114112K
  class space    used 3030K, committed 3392K, reserved 1048576K
}
Event: 12.720 GC heap before
{Heap before GC invocations=9 (full 0):
 garbage-first heap   total 45056K, used 34462K [0x00000000c0000000, 0x0000000100000000)
  region size 1024K, 18 young (18432K), 2 survivors (2048K)
 Metaspace       used 29699K, committed 30400K, reserved 1114112K
  class space    used 3032K, committed 3392K, reserved 1048576K
}
Event: 12.726 GC heap after
{Heap after GC invocations=10 (full 0):
 garbage-first heap   total 45056K, used 19032K [0x00000000c0000000, 0x0000000100000000)
  region size 1024K, 3 young (3072K), 3 survivors (3072K)
 Metaspace       used 29699K, committed 30400K, reserved 1114112K
  class space    used 3032K, committed 3392K, reserved 1048576K
}
Event: 13.938 GC heap before
{Heap before GC invocations=10 (full 0):
 garbage-first heap   total 45056K, used 33368K [0x00000000c0000000, 0x0000000100000000)
  region size 1024K, 17 young (17408K), 3 survivors (3072K)
 Metaspace       used 29700K, committed 30400K, reserved 1114112K
  class space    used 3032K, committed 3392K, reserved 1048576K
}
Event: 13.944 GC heap after
{Heap after GC invocations=11 (full 0):
 garbage-first heap   total 45056K, used 19818K [0x00000000c0000000, 0x0000000100000000)
  region size 1024K, 3 young (3072K), 3 survivors (3072K)
 Metaspace       used 29700K, committed 30400K, reserved 1114112K
  class space    used 3032K, committed 3392K, reserved 1048576K
}
Event: 14.381 GC heap before
{Heap before GC invocations=11 (full 0):
 garbage-first heap   total 45056K, used 34154K [0x00000000c0000000, 0x0000000100000000)
  region size 1024K, 17 young (17408K), 3 survivors (3072K)
 Metaspace       used 29700K, committed 30400K, reserved 1114112K
  class space    used 3032K, committed 3392K, reserved 1048576K
}
Event: 14.386 GC heap after
{Heap after GC invocations=12 (full 0):
 garbage-first heap   total 45056K, used 20049K [0x00000000c0000000, 0x0000000100000000)
  region size 1024K, 2 young (2048K), 2 survivors (2048K)
 Metaspace       used 29700K, committed 30400K, reserved 1114112K
  class space    used 3032K, committed 3392K, reserved 1048576K
}
Event: 16.406 GC heap before
{Heap before GC invocations=12 (full 0):
 garbage-first heap   total 45056K, used 35409K [0x00000000c0000000, 0x0000000100000000)
  region size 1024K, 17 young (17408K), 2 survivors (2048K)
 Metaspace       used 29700K, committed 30400K, reserved 1114112K
  class space    used 3032K, committed 3392K, reserved 1048576K
}
Event: 16.413 GC heap after
{Heap after GC invocations=13 (full 0):
 garbage-first heap   total 64512K, used 21274K [0x00000000c0000000, 0x0000000100000000)
  region size 1024K, 3 young (3072K), 3 survivors (3072K)
 Metaspace       used 29700K, committed 30400K, reserved 1114112K
  class space    used 3032K, committed 3392K, reserved 1048576K
}
Event: 18.554 GC heap before
{Heap before GC invocations=13 (full 0):
 garbage-first heap   total 64512K, used 47898K [0x00000000c0000000, 0x0000000100000000)
  region size 1024K, 29 young (29696K), 3 survivors (3072K)
 Metaspace       used 29700K, committed 30400K, reserved 1114112K
  class space    used 3032K, committed 3392K, reserved 1048576K
}
Event: 18.559 GC heap after
{Heap after GC invocations=14 (full 0):
 garbage-first heap   total 64512K, used 21140K [0x00000000c0000000, 0x0000000100000000)
  region size 1024K, 3 young (3072K), 3 survivors (3072K)
 Metaspace       used 29700K, committed 30400K, reserved 1114112K
  class space    used 3032K, committed 3392K, reserved 1048576K
}

